/*C22*/SET SCHEMA PUBLIC
drop table if exists usuario CASCADE 
drop sequence hibernate_sequence if exists
create sequence hibernate_sequence start with 1 increment by 1
create table usuario (id bigint not null, cpf varchar(255), dt_atualizacao timestamp, dt_criacao timestamp, dt_nasc date, email varchar(255), nacionalidade varchar(255), naturalidade varchar(255), nome varchar(255) not null, sexo varchar(255), primary key (id))
alter table usuario add constraint UK_692bsnqxa8m9fmx7m1yc6hsui unique (cpf)
/*C32*/SET SCHEMA PUBLIC
drop table if exists usuario CASCADE 
drop sequence hibernate_sequence if exists
create sequence hibernate_sequence start with 1 increment by 1
create table usuario (id bigint not null, cpf varchar(255), dt_atualizacao timestamp, dt_criacao timestamp, dt_nasc date, email varchar(255), nacionalidade varchar(255), naturalidade varchar(255), nome varchar(255) not null, sexo varchar(255), primary key (id))
alter table usuario add constraint UK_692bsnqxa8m9fmx7m1yc6hsui unique (cpf)
/*C22*/DISCONNECT
/*C32*/DISCONNECT
/*C23*/SET SCHEMA PUBLIC
DISCONNECT
/*C24*/SET SCHEMA PUBLIC
DISCONNECT
/*C33*/SET SCHEMA PUBLIC
DISCONNECT
/*C25*/SET SCHEMA PUBLIC
DISCONNECT
/*C26*/SET SCHEMA PUBLIC
DISCONNECT
/*C27*/SET SCHEMA PUBLIC
DISCONNECT
/*C28*/SET SCHEMA PUBLIC
DISCONNECT
/*C29*/SET SCHEMA PUBLIC
DISCONNECT
/*C30*/SET SCHEMA PUBLIC
DISCONNECT
/*C34*/SET SCHEMA PUBLIC
DISCONNECT
/*C31*/SET SCHEMA PUBLIC
DISCONNECT
/*C35*/SET SCHEMA PUBLIC
DISCONNECT
/*C36*/SET SCHEMA PUBLIC
DISCONNECT
/*C37*/SET SCHEMA PUBLIC
DISCONNECT
/*C38*/SET SCHEMA PUBLIC
DISCONNECT
/*C39*/SET SCHEMA PUBLIC
DISCONNECT
/*C40*/SET SCHEMA PUBLIC
DISCONNECT
/*C41*/SET SCHEMA PUBLIC
DISCONNECT
